<?xml version="1.0" encoding="UTF-8"?>
<!-- Generated by org.testng.reporters.JUnitReportReporter -->
<testsuite hostname="SriPriya" name="mmp.assignment.one.Assignment1_DynamicRows" tests="3" failures="0" timestamp="5 Jun 2019 00:28:44 GMT" time="44.832" errors="1">
  <testcase name="TC002_ColCountValidationParam" time="0.000" classname="mmp.assignment.one.Assignment1_DynamicRows">
    <error type="org.testng.TestNGException" message="
Parameter &#039;username&#039; is required by @Test on method TC002_ColCountValidationParam but has not been marked @Optional or defined
in C:\Users\SriPriya\AppData\Local\Temp\testng-eclipse--2012235883\testng-customsuite.xml">
      <![CDATA[org.testng.TestNGException: 
Parameter 'username' is required by @Test on method TC002_ColCountValidationParam but has not been marked @Optional or defined
in C:\Users\SriPriya\AppData\Local\Temp\testng-eclipse--2012235883\testng-customsuite.xml
	at org.testng.internal.Parameters.createParameters(Parameters.java:156)
	at org.testng.internal.Parameters.createParameters(Parameters.java:363)
	at org.testng.internal.Parameters.handleParameters(Parameters.java:488)
	at org.testng.internal.Invoker.handleParameters(Invoker.java:1240)
	at org.testng.internal.Invoker.createParameters(Invoker.java:980)
	at org.testng.internal.Invoker.invokeTestMethods(Invoker.java:1070)
	at org.testng.internal.TestMethodWorker.invokeTestMethods(TestMethodWorker.java:129)
	at org.testng.internal.TestMethodWorker.run(TestMethodWorker.java:112)
	at org.testng.TestRunner.privateRun(TestRunner.java:746)
	at org.testng.TestRunner.run(TestRunner.java:600)
	at org.testng.SuiteRunner.runTest(SuiteRunner.java:366)
	at org.testng.SuiteRunner.runSequentially(SuiteRunner.java:361)
	at org.testng.SuiteRunner.privateRun(SuiteRunner.java:319)
	at org.testng.SuiteRunner.run(SuiteRunner.java:268)
	at org.testng.SuiteRunnerWorker.runSuite(SuiteRunnerWorker.java:52)
	at org.testng.SuiteRunnerWorker.run(SuiteRunnerWorker.java:86)
	at org.testng.TestNG.runSuitesSequentially(TestNG.java:1264)
	at org.testng.TestNG.runSuitesLocally(TestNG.java:1189)
	at org.testng.TestNG.runSuites(TestNG.java:1104)
	at org.testng.TestNG.run(TestNG.java:1076)
	at org.testng.remote.AbstractRemoteTestNG.run(AbstractRemoteTestNG.java:126)
	at org.testng.remote.RemoteTestNG.initAndRun(RemoteTestNG.java:152)
	at org.testng.remote.RemoteTestNG.main(RemoteTestNG.java:57)
]]>
    </error>
  </testcase> <!-- TC002_ColCountValidationParam -->
  <testcase name="TC001_ColCountValidation" time="22.314" classname="mmp.assignment.one.Assignment1_DynamicRows"/>
  <testcase name="TC002_ColDataValidation" time="22.518" classname="mmp.assignment.one.Assignment1_DynamicRows"/>
</testsuite> <!-- mmp.assignment.one.Assignment1_DynamicRows -->
